{"time":"2024-11-17T08:37:55.708877347+05:00","level":"INFO","msg":"Register user"}
{"time":"2024-11-17T08:37:55.709131466+05:00","level":"INFO","msg":"fetching user by email","email":"Jalon.Ratke7@hotmail.com"}
{"time":"2024-11-17T08:37:55.709937716+05:00","level":"ERROR","msg":"failed to get user from redis","error":"WRONGTYPE Operation against a key holding the wrong kind of value","key":"user:3f34cf4d-888f-4968-b2e6-49fcf36890d3"}
{"time":"2024-11-17T08:37:55.710249892+05:00","level":"ERROR","msg":"failed to get user from redis","error":"WRONGTYPE Operation against a key holding the wrong kind of value","key":"user:0ad69c14-62ca-4932-8979-e8c9fa11cd47"}
{"time":"2024-11-17T08:37:55.710961246+05:00","level":"WARN","msg":"user not found","email":"Jalon.Ratke7@hotmail.com"}
{"time":"2024-11-17T08:37:55.710987551+05:00","level":"INFO","msg":"starting user registration","email":"Jalon.Ratke7@hotmail.com","username":"Jalon.Ratke7@hotmail.com"}
{"time":"2024-11-17T08:37:55.721849956+05:00","level":"INFO","msg":"Register user"}
{"time":"2024-11-17T08:37:55.722024327+05:00","level":"INFO","msg":"fetching user by email","email":"Golden_Swaniawski87@gmail.com"}
{"time":"2024-11-17T08:37:55.722293183+05:00","level":"ERROR","msg":"failed to get user from redis","error":"WRONGTYPE Operation against a key holding the wrong kind of value","key":"user:3f34cf4d-888f-4968-b2e6-49fcf36890d3"}
{"time":"2024-11-17T08:37:55.722630029+05:00","level":"ERROR","msg":"failed to get user from redis","error":"WRONGTYPE Operation against a key holding the wrong kind of value","key":"user:0ad69c14-62ca-4932-8979-e8c9fa11cd47"}
{"time":"2024-11-17T08:37:55.723253102+05:00","level":"WARN","msg":"user not found","email":"Golden_Swaniawski87@gmail.com"}
{"time":"2024-11-17T08:37:55.723388372+05:00","level":"INFO","msg":"starting user registration","email":"Golden_Swaniawski87@gmail.com","username":"Golden_Swaniawski87@gmail.com"}
{"time":"2024-11-17T08:37:55.787896213+05:00","level":"INFO","msg":"user registration completed successfully","userID":"67396513314c3b60588e6c33"}
{"time":"2024-11-17T08:37:55.787963686+05:00","level":"INFO","msg":"User registered successfully","email":"Jalon.Ratke7@hotmail.com"}
{"time":"2024-11-17T08:37:55.8006123+05:00","level":"INFO","msg":"user registration completed successfully","userID":"67396513314c3b60588e6c34"}
{"time":"2024-11-17T08:37:55.800679164+05:00","level":"INFO","msg":"User registered successfully","email":"Golden_Swaniawski87@gmail.com"}
{"time":"2024-11-17T08:37:55.801646278+05:00","level":"INFO","msg":"Register user"}
{"time":"2024-11-17T08:37:55.801704158+05:00","level":"ERROR","msg":"username or email cannot be empty"}
{"time":"2024-11-17T08:37:55.806045363+05:00","level":"INFO","msg":"Register user"}
{"time":"2024-11-17T08:37:55.806196991+05:00","level":"INFO","msg":"fetching user by email","email":"Jalon.Ratke7@hotmail.com"}
{"time":"2024-11-17T08:37:55.806454506+05:00","level":"ERROR","msg":"failed to get user from redis","error":"WRONGTYPE Operation against a key holding the wrong kind of value","key":"user:3f34cf4d-888f-4968-b2e6-49fcf36890d3"}
{"time":"2024-11-17T08:37:55.806792601+05:00","level":"ERROR","msg":"failed to get user from redis","error":"WRONGTYPE Operation against a key holding the wrong kind of value","key":"user:0ad69c14-62ca-4932-8979-e8c9fa11cd47"}
{"time":"2024-11-17T08:37:55.807671355+05:00","level":"INFO","msg":"successfully fetched user","email":"Jalon.Ratke7@hotmail.com"}
{"time":"2024-11-17T08:37:55.81051665+05:00","level":"INFO","msg":"Register user"}
{"time":"2024-11-17T08:37:55.810605292+05:00","level":"ERROR","msg":"invalid email format"}
{"time":"2024-11-17T08:37:55.813832016+05:00","level":"INFO","msg":"Login user"}
{"time":"2024-11-17T08:37:55.813906297+05:00","level":"INFO","msg":"fetching user by username","username":"Jalon.Ratke7@hotmail.com"}
{"time":"2024-11-17T08:37:55.81413157+05:00","level":"ERROR","msg":"failed to get user from redis","error":"WRONGTYPE Operation against a key holding the wrong kind of value","key":"user:3f34cf4d-888f-4968-b2e6-49fcf36890d3"}
{"time":"2024-11-17T08:37:55.814371623+05:00","level":"INFO","msg":"Register user"}
{"time":"2024-11-17T08:37:55.814415651+05:00","level":"ERROR","msg":"username or email cannot be empty"}
{"time":"2024-11-17T08:37:55.817793998+05:00","level":"INFO","msg":"Register user"}
{"time":"2024-11-17T08:37:55.817876949+05:00","level":"INFO","msg":"fetching user by email","email":"Cordelia10@yahoo.com"}
{"time":"2024-11-17T08:37:55.818041708+05:00","level":"ERROR","msg":"failed to get user from redis","error":"WRONGTYPE Operation against a key holding the wrong kind of value","key":"user:3f34cf4d-888f-4968-b2e6-49fcf36890d3"}
{"time":"2024-11-17T08:37:55.818180875+05:00","level":"ERROR","msg":"failed to get user from redis","error":"WRONGTYPE Operation against a key holding the wrong kind of value","key":"user:0ad69c14-62ca-4932-8979-e8c9fa11cd47"}
{"time":"2024-11-17T08:37:55.818737722+05:00","level":"WARN","msg":"user not found","email":"Cordelia10@yahoo.com"}
{"time":"2024-11-17T08:37:55.818759728+05:00","level":"INFO","msg":"starting user registration","email":"Cordelia10@yahoo.com","username":"Cordelia10@yahoo.com"}
{"time":"2024-11-17T08:37:55.889604206+05:00","level":"INFO","msg":"starting login process","username":"Jalon.Ratke7@hotmail.com"}
{"time":"2024-11-17T08:37:55.889644612+05:00","level":"INFO","msg":"fetching user by username","username":"Jalon.Ratke7@hotmail.com"}
{"time":"2024-11-17T08:37:55.890162201+05:00","level":"ERROR","msg":"failed to get user from redis","error":"WRONGTYPE Operation against a key holding the wrong kind of value","key":"user:3f34cf4d-888f-4968-b2e6-49fcf36890d3"}
{"time":"2024-11-17T08:37:55.890546617+05:00","level":"INFO","msg":"login successful","username":"Jalon.Ratke7@hotmail.com"}
{"time":"2024-11-17T08:37:55.890583963+05:00","level":"INFO","msg":"User logged in successfully","username":"Jalon.Ratke7@hotmail.com"}
{"time":"2024-11-17T08:37:55.893936103+05:00","level":"INFO","msg":"user registration completed successfully","userID":"67396513314c3b60588e6c35"}
{"time":"2024-11-17T08:37:55.893982536+05:00","level":"INFO","msg":"User registered successfully","email":"Cordelia10@yahoo.com"}
{"time":"2024-11-17T08:37:55.894618396+05:00","level":"INFO","msg":"Login user"}
{"time":"2024-11-17T08:37:55.894660791+05:00","level":"INFO","msg":"fetching user by username","username":"Jalon.Ratke7@hotmail.com"}
{"time":"2024-11-17T08:37:55.894804472+05:00","level":"ERROR","msg":"failed to get user from redis","error":"WRONGTYPE Operation against a key holding the wrong kind of value","key":"user:3f34cf4d-888f-4968-b2e6-49fcf36890d3"}
{"time":"2024-11-17T08:37:55.894966429+05:00","level":"ERROR","msg":"failed to get user from redis","error":"WRONGTYPE Operation against a key holding the wrong kind of value","key":"user:0ad69c14-62ca-4932-8979-e8c9fa11cd47"}
{"time":"2024-11-17T08:37:55.895536102+05:00","level":"INFO","msg":"successfully fetched user","username":"Jalon.Ratke7@hotmail.com"}
{"time":"2024-11-17T08:37:55.911479108+05:00","level":"INFO","msg":"Register user"}
{"time":"2024-11-17T08:37:55.911640914+05:00","level":"INFO","msg":"fetching user by email","email":"Golden_Swaniawski87@gmail.com"}
{"time":"2024-11-17T08:37:55.911867965+05:00","level":"ERROR","msg":"failed to get user from redis","error":"WRONGTYPE Operation against a key holding the wrong kind of value","key":"user:3f34cf4d-888f-4968-b2e6-49fcf36890d3"}
{"time":"2024-11-17T08:37:55.912054172+05:00","level":"ERROR","msg":"failed to get user from redis","error":"WRONGTYPE Operation against a key holding the wrong kind of value","key":"user:0ad69c14-62ca-4932-8979-e8c9fa11cd47"}
{"time":"2024-11-17T08:37:55.913108004+05:00","level":"INFO","msg":"successfully fetched user","email":"Golden_Swaniawski87@gmail.com"}
{"time":"2024-11-17T08:37:55.91709819+05:00","level":"INFO","msg":"Register user"}
{"time":"2024-11-17T08:37:55.917228814+05:00","level":"ERROR","msg":"invalid email format"}
{"time":"2024-11-17T08:37:55.92008037+05:00","level":"INFO","msg":"Login user"}
{"time":"2024-11-17T08:37:55.920114571+05:00","level":"INFO","msg":"fetching user by username","username":"Golden_Swaniawski87@gmail.com"}
{"time":"2024-11-17T08:37:55.920298822+05:00","level":"ERROR","msg":"failed to get user from redis","error":"WRONGTYPE Operation against a key holding the wrong kind of value","key":"user:3f34cf4d-888f-4968-b2e6-49fcf36890d3"}
{"time":"2024-11-17T08:37:55.979011312+05:00","level":"ERROR","msg":"Failed to check password","error":"failed to compare password: crypto/bcrypt: hashedPassword is not the hash of the given password"}
{"time":"2024-11-17T08:37:55.979072734+05:00","level":"ERROR","msg":"failed to login user","error":"failed to check password: failed to compare password: crypto/bcrypt: hashedPassword is not the hash of the given password"}
{"time":"2024-11-17T08:37:55.982616861+05:00","level":"INFO","msg":"Login user"}
{"time":"2024-11-17T08:37:55.982715952+05:00","level":"INFO","msg":"fetching user by username","username":"nonexistent@example.com"}
{"time":"2024-11-17T08:37:55.982949548+05:00","level":"ERROR","msg":"failed to get user from redis","error":"WRONGTYPE Operation against a key holding the wrong kind of value","key":"user:3f34cf4d-888f-4968-b2e6-49fcf36890d3"}
{"time":"2024-11-17T08:37:55.983266977+05:00","level":"ERROR","msg":"failed to get user from redis","error":"WRONGTYPE Operation against a key holding the wrong kind of value","key":"user:0ad69c14-62ca-4932-8979-e8c9fa11cd47"}
{"time":"2024-11-17T08:37:55.984228397+05:00","level":"WARN","msg":"user not found","username":"nonexistent@example.com"}
{"time":"2024-11-17T08:37:55.987973527+05:00","level":"INFO","msg":"Login user"}
{"time":"2024-11-17T08:37:55.988039555+05:00","level":"ERROR","msg":"username or password cannot be empty"}
{"time":"2024-11-17T08:37:55.996066229+05:00","level":"INFO","msg":"starting login process","username":"Golden_Swaniawski87@gmail.com"}
{"time":"2024-11-17T08:37:55.996132638+05:00","level":"INFO","msg":"fetching user by username","username":"Golden_Swaniawski87@gmail.com"}
{"time":"2024-11-17T08:37:55.996499119+05:00","level":"ERROR","msg":"failed to get user from redis","error":"WRONGTYPE Operation against a key holding the wrong kind of value","key":"user:3f34cf4d-888f-4968-b2e6-49fcf36890d3"}
{"time":"2024-11-17T08:37:55.996666796+05:00","level":"INFO","msg":"login successful","username":"Golden_Swaniawski87@gmail.com"}
{"time":"2024-11-17T08:37:55.996701547+05:00","level":"INFO","msg":"User logged in successfully","username":"Golden_Swaniawski87@gmail.com"}
{"time":"2024-11-17T08:37:56.000965021+05:00","level":"INFO","msg":"Login user"}
{"time":"2024-11-17T08:37:56.001021838+05:00","level":"INFO","msg":"fetching user by username","username":"Golden_Swaniawski87@gmail.com"}
{"time":"2024-11-17T08:37:56.001232564+05:00","level":"ERROR","msg":"failed to get user from redis","error":"WRONGTYPE Operation against a key holding the wrong kind of value","key":"user:3f34cf4d-888f-4968-b2e6-49fcf36890d3"}
{"time":"2024-11-17T08:37:56.110039648+05:00","level":"ERROR","msg":"Failed to check password","error":"failed to compare password: crypto/bcrypt: hashedPassword is not the hash of the given password"}
{"time":"2024-11-17T08:37:56.110096909+05:00","level":"ERROR","msg":"failed to login user","error":"failed to check password: failed to compare password: crypto/bcrypt: hashedPassword is not the hash of the given password"}
{"time":"2024-11-17T08:37:56.115763818+05:00","level":"INFO","msg":"Login user"}
{"time":"2024-11-17T08:37:56.115864194+05:00","level":"INFO","msg":"fetching user by username","username":"nonexistent@example.com"}
{"time":"2024-11-17T08:37:56.11628519+05:00","level":"ERROR","msg":"failed to get user from redis","error":"WRONGTYPE Operation against a key holding the wrong kind of value","key":"user:3f34cf4d-888f-4968-b2e6-49fcf36890d3"}
{"time":"2024-11-17T08:37:56.116719301+05:00","level":"ERROR","msg":"failed to get user from redis","error":"WRONGTYPE Operation against a key holding the wrong kind of value","key":"user:0ad69c14-62ca-4932-8979-e8c9fa11cd47"}
{"time":"2024-11-17T08:37:56.117560991+05:00","level":"WARN","msg":"user not found","username":"nonexistent@example.com"}
{"time":"2024-11-17T08:37:56.123255539+05:00","level":"INFO","msg":"Login user"}
{"time":"2024-11-17T08:37:56.123340052+05:00","level":"ERROR","msg":"username or password cannot be empty"}
{"time":"2024-11-17T08:38:20.026833804+05:00","level":"INFO","msg":"Register user"}
{"time":"2024-11-17T08:38:20.026981908+05:00","level":"INFO","msg":"fetching user by email","email":"Elliot21@gmail.com"}
{"time":"2024-11-17T08:38:20.027460829+05:00","level":"ERROR","msg":"failed to get user from redis","error":"WRONGTYPE Operation against a key holding the wrong kind of value","key":"user:3f34cf4d-888f-4968-b2e6-49fcf36890d3"}
{"time":"2024-11-17T08:38:20.027704784+05:00","level":"ERROR","msg":"failed to get user from redis","error":"WRONGTYPE Operation against a key holding the wrong kind of value","key":"user:0ad69c14-62ca-4932-8979-e8c9fa11cd47"}
{"time":"2024-11-17T08:38:20.028316784+05:00","level":"WARN","msg":"user not found","email":"Elliot21@gmail.com"}
{"time":"2024-11-17T08:38:20.028354109+05:00","level":"INFO","msg":"starting user registration","email":"Elliot21@gmail.com","username":"Elliot21@gmail.com"}
{"time":"2024-11-17T08:38:20.03174348+05:00","level":"INFO","msg":"Register user"}
{"time":"2024-11-17T08:38:20.031938566+05:00","level":"INFO","msg":"fetching user by email","email":"Ansel_VonRueden91@yahoo.com"}
{"time":"2024-11-17T08:38:20.032184208+05:00","level":"ERROR","msg":"failed to get user from redis","error":"WRONGTYPE Operation against a key holding the wrong kind of value","key":"user:3f34cf4d-888f-4968-b2e6-49fcf36890d3"}
{"time":"2024-11-17T08:38:20.03231561+05:00","level":"ERROR","msg":"failed to get user from redis","error":"WRONGTYPE Operation against a key holding the wrong kind of value","key":"user:0ad69c14-62ca-4932-8979-e8c9fa11cd47"}
{"time":"2024-11-17T08:38:20.032854048+05:00","level":"WARN","msg":"user not found","email":"Ansel_VonRueden91@yahoo.com"}
{"time":"2024-11-17T08:38:20.03288961+05:00","level":"INFO","msg":"starting user registration","email":"Ansel_VonRueden91@yahoo.com","username":"Ansel_VonRueden91@yahoo.com"}
{"time":"2024-11-17T08:38:20.106437331+05:00","level":"INFO","msg":"user registration completed successfully","userID":"6739652c314c3b60588e6c36"}
{"time":"2024-11-17T08:38:20.106485022+05:00","level":"INFO","msg":"User registered successfully","email":"Elliot21@gmail.com"}
{"time":"2024-11-17T08:38:20.111752929+05:00","level":"INFO","msg":"user registration completed successfully","userID":"6739652c314c3b60588e6c37"}
{"time":"2024-11-17T08:38:20.111797521+05:00","level":"INFO","msg":"User registered successfully","email":"Ansel_VonRueden91@yahoo.com"}
{"time":"2024-11-17T08:38:20.120285978+05:00","level":"INFO","msg":"Register user"}
{"time":"2024-11-17T08:38:20.120364162+05:00","level":"ERROR","msg":"username or email cannot be empty"}
{"time":"2024-11-17T08:38:20.124513902+05:00","level":"INFO","msg":"Register user"}
{"time":"2024-11-17T08:38:20.124563013+05:00","level":"INFO","msg":"Register user"}
{"time":"2024-11-17T08:38:20.124594494+05:00","level":"ERROR","msg":"username or email cannot be empty"}
{"time":"2024-11-17T08:38:20.124652073+05:00","level":"INFO","msg":"fetching user by email","email":"Mozell7@hotmail.com"}
{"time":"2024-11-17T08:38:20.124861106+05:00","level":"ERROR","msg":"failed to get user from redis","error":"WRONGTYPE Operation against a key holding the wrong kind of value","key":"user:3f34cf4d-888f-4968-b2e6-49fcf36890d3"}
{"time":"2024-11-17T08:38:20.125072438+05:00","level":"ERROR","msg":"failed to get user from redis","error":"WRONGTYPE Operation against a key holding the wrong kind of value","key":"user:0ad69c14-62ca-4932-8979-e8c9fa11cd47"}
{"time":"2024-11-17T08:38:20.125724112+05:00","level":"WARN","msg":"user not found","email":"Mozell7@hotmail.com"}
{"time":"2024-11-17T08:38:20.125752782+05:00","level":"INFO","msg":"starting user registration","email":"Mozell7@hotmail.com","username":"Mozell7@hotmail.com"}
{"time":"2024-11-17T08:38:20.129284884+05:00","level":"INFO","msg":"Register user"}
{"time":"2024-11-17T08:38:20.129395474+05:00","level":"INFO","msg":"fetching user by email","email":"Ansel_VonRueden91@yahoo.com"}
{"time":"2024-11-17T08:38:20.129647169+05:00","level":"ERROR","msg":"failed to get user from redis","error":"WRONGTYPE Operation against a key holding the wrong kind of value","key":"user:3f34cf4d-888f-4968-b2e6-49fcf36890d3"}
{"time":"2024-11-17T08:38:20.132422873+05:00","level":"INFO","msg":"Register user"}
{"time":"2024-11-17T08:38:20.132704652+05:00","level":"ERROR","msg":"invalid email format"}
{"time":"2024-11-17T08:38:20.13533527+05:00","level":"INFO","msg":"Login user"}
{"time":"2024-11-17T08:38:20.135420088+05:00","level":"INFO","msg":"fetching user by username","username":"Ansel_VonRueden91@yahoo.com"}
{"time":"2024-11-17T08:38:20.136004471+05:00","level":"ERROR","msg":"failed to get user from redis","error":"WRONGTYPE Operation against a key holding the wrong kind of value","key":"user:3f34cf4d-888f-4968-b2e6-49fcf36890d3"}
{"time":"2024-11-17T08:38:20.201492151+05:00","level":"INFO","msg":"user registration completed successfully","userID":"6739652c314c3b60588e6c38"}
{"time":"2024-11-17T08:38:20.201573282+05:00","level":"INFO","msg":"User registered successfully","email":"Mozell7@hotmail.com"}
{"time":"2024-11-17T08:38:20.211276587+05:00","level":"INFO","msg":"starting login process","username":"Ansel_VonRueden91@yahoo.com"}
{"time":"2024-11-17T08:38:20.211317118+05:00","level":"INFO","msg":"fetching user by username","username":"Ansel_VonRueden91@yahoo.com"}
{"time":"2024-11-17T08:38:20.211665041+05:00","level":"ERROR","msg":"failed to get user from redis","error":"WRONGTYPE Operation against a key holding the wrong kind of value","key":"user:3f34cf4d-888f-4968-b2e6-49fcf36890d3"}
{"time":"2024-11-17T08:38:20.211803748+05:00","level":"ERROR","msg":"failed to get user from redis","error":"WRONGTYPE Operation against a key holding the wrong kind of value","key":"user:0ad69c14-62ca-4932-8979-e8c9fa11cd47"}
{"time":"2024-11-17T08:38:20.212418685+05:00","level":"INFO","msg":"successfully fetched user","username":"Ansel_VonRueden91@yahoo.com"}
{"time":"2024-11-17T08:38:20.212480551+05:00","level":"INFO","msg":"login successful","username":"Ansel_VonRueden91@yahoo.com"}
{"time":"2024-11-17T08:38:20.212501356+05:00","level":"INFO","msg":"User logged in successfully","username":"Ansel_VonRueden91@yahoo.com"}
{"time":"2024-11-17T08:38:20.215754506+05:00","level":"INFO","msg":"Login user"}
{"time":"2024-11-17T08:38:20.215818437+05:00","level":"INFO","msg":"fetching user by username","username":"Ansel_VonRueden91@yahoo.com"}
{"time":"2024-11-17T08:38:20.216005891+05:00","level":"ERROR","msg":"failed to get user from redis","error":"WRONGTYPE Operation against a key holding the wrong kind of value","key":"user:3f34cf4d-888f-4968-b2e6-49fcf36890d3"}
{"time":"2024-11-17T08:38:20.217188792+05:00","level":"INFO","msg":"Register user"}
{"time":"2024-11-17T08:38:20.217277045+05:00","level":"INFO","msg":"fetching user by email","email":"Elliot21@gmail.com"}
{"time":"2024-11-17T08:38:20.217444873+05:00","level":"ERROR","msg":"failed to get user from redis","error":"WRONGTYPE Operation against a key holding the wrong kind of value","key":"user:3f34cf4d-888f-4968-b2e6-49fcf36890d3"}
{"time":"2024-11-17T08:38:20.217568211+05:00","level":"ERROR","msg":"failed to get user from redis","error":"WRONGTYPE Operation against a key holding the wrong kind of value","key":"user:0ad69c14-62ca-4932-8979-e8c9fa11cd47"}
{"time":"2024-11-17T08:38:20.218342403+05:00","level":"INFO","msg":"successfully fetched user","email":"Elliot21@gmail.com"}
{"time":"2024-11-17T08:38:20.222353344+05:00","level":"INFO","msg":"Register user"}
{"time":"2024-11-17T08:38:20.222496056+05:00","level":"ERROR","msg":"invalid email format"}
{"time":"2024-11-17T08:38:20.225937673+05:00","level":"INFO","msg":"Login user"}
{"time":"2024-11-17T08:38:20.226005186+05:00","level":"INFO","msg":"fetching user by username","username":"Elliot21@gmail.com"}
{"time":"2024-11-17T08:38:20.226218762+05:00","level":"ERROR","msg":"failed to get user from redis","error":"WRONGTYPE Operation against a key holding the wrong kind of value","key":"user:3f34cf4d-888f-4968-b2e6-49fcf36890d3"}
{"time":"2024-11-17T08:38:20.294702293+05:00","level":"ERROR","msg":"Failed to check password","error":"failed to compare password: crypto/bcrypt: hashedPassword is not the hash of the given password"}
{"time":"2024-11-17T08:38:20.294746057+05:00","level":"ERROR","msg":"failed to login user","error":"failed to check password: failed to compare password: crypto/bcrypt: hashedPassword is not the hash of the given password"}
{"time":"2024-11-17T08:38:20.298071584+05:00","level":"INFO","msg":"Login user"}
{"time":"2024-11-17T08:38:20.298133631+05:00","level":"INFO","msg":"fetching user by username","username":"nonexistent@example.com"}
{"time":"2024-11-17T08:38:20.298331863+05:00","level":"ERROR","msg":"failed to get user from redis","error":"WRONGTYPE Operation against a key holding the wrong kind of value","key":"user:3f34cf4d-888f-4968-b2e6-49fcf36890d3"}
{"time":"2024-11-17T08:38:20.298469563+05:00","level":"ERROR","msg":"failed to get user from redis","error":"WRONGTYPE Operation against a key holding the wrong kind of value","key":"user:0ad69c14-62ca-4932-8979-e8c9fa11cd47"}
{"time":"2024-11-17T08:38:20.298991426+05:00","level":"WARN","msg":"user not found","username":"nonexistent@example.com"}
{"time":"2024-11-17T08:38:20.301641119+05:00","level":"INFO","msg":"Login user"}
{"time":"2024-11-17T08:38:20.301687772+05:00","level":"ERROR","msg":"username or password cannot be empty"}
{"time":"2024-11-17T08:38:20.303325085+05:00","level":"INFO","msg":"starting login process","username":"Elliot21@gmail.com"}
{"time":"2024-11-17T08:38:20.303352053+05:00","level":"INFO","msg":"fetching user by username","username":"Elliot21@gmail.com"}
{"time":"2024-11-17T08:38:20.303536741+05:00","level":"ERROR","msg":"failed to get user from redis","error":"WRONGTYPE Operation against a key holding the wrong kind of value","key":"user:3f34cf4d-888f-4968-b2e6-49fcf36890d3"}
{"time":"2024-11-17T08:38:20.303676707+05:00","level":"INFO","msg":"login successful","username":"Elliot21@gmail.com"}
{"time":"2024-11-17T08:38:20.303696854+05:00","level":"INFO","msg":"User logged in successfully","username":"Elliot21@gmail.com"}
{"time":"2024-11-17T08:38:20.306594781+05:00","level":"INFO","msg":"Login user"}
{"time":"2024-11-17T08:38:20.306642785+05:00","level":"INFO","msg":"fetching user by username","username":"Elliot21@gmail.com"}
{"time":"2024-11-17T08:38:20.306791131+05:00","level":"ERROR","msg":"failed to get user from redis","error":"WRONGTYPE Operation against a key holding the wrong kind of value","key":"user:3f34cf4d-888f-4968-b2e6-49fcf36890d3"}
{"time":"2024-11-17T08:38:20.392943814+05:00","level":"ERROR","msg":"Failed to check password","error":"failed to compare password: crypto/bcrypt: hashedPassword is not the hash of the given password"}
{"time":"2024-11-17T08:38:20.393002212+05:00","level":"ERROR","msg":"failed to login user","error":"failed to check password: failed to compare password: crypto/bcrypt: hashedPassword is not the hash of the given password"}
{"time":"2024-11-17T08:38:20.39911579+05:00","level":"INFO","msg":"Login user"}
{"time":"2024-11-17T08:38:20.399231506+05:00","level":"INFO","msg":"fetching user by username","username":"nonexistent@example.com"}
{"time":"2024-11-17T08:38:20.399582217+05:00","level":"ERROR","msg":"failed to get user from redis","error":"WRONGTYPE Operation against a key holding the wrong kind of value","key":"user:3f34cf4d-888f-4968-b2e6-49fcf36890d3"}
{"time":"2024-11-17T08:38:20.399816506+05:00","level":"ERROR","msg":"failed to get user from redis","error":"WRONGTYPE Operation against a key holding the wrong kind of value","key":"user:0ad69c14-62ca-4932-8979-e8c9fa11cd47"}
{"time":"2024-11-17T08:38:20.400640452+05:00","level":"WARN","msg":"user not found","username":"nonexistent@example.com"}
{"time":"2024-11-17T08:38:20.40604389+05:00","level":"INFO","msg":"Login user"}
{"time":"2024-11-17T08:38:20.406145509+05:00","level":"ERROR","msg":"username or password cannot be empty"}
{"time":"2024-11-17T08:38:30.686869668+05:00","level":"INFO","msg":"Register user"}
{"time":"2024-11-17T08:38:30.687029406+05:00","level":"INFO","msg":"fetching user by email","email":"Brice.Bartoletti91@hotmail.com"}
{"time":"2024-11-17T08:38:30.688029877+05:00","level":"ERROR","msg":"failed to get user from redis","error":"WRONGTYPE Operation against a key holding the wrong kind of value","key":"user:3f34cf4d-888f-4968-b2e6-49fcf36890d3"}
{"time":"2024-11-17T08:38:30.68826815+05:00","level":"ERROR","msg":"failed to get user from redis","error":"WRONGTYPE Operation against a key holding the wrong kind of value","key":"user:0ad69c14-62ca-4932-8979-e8c9fa11cd47"}
{"time":"2024-11-17T08:38:30.688926306+05:00","level":"WARN","msg":"user not found","email":"Brice.Bartoletti91@hotmail.com"}
{"time":"2024-11-17T08:38:30.688956022+05:00","level":"INFO","msg":"starting user registration","email":"Brice.Bartoletti91@hotmail.com","username":"Brice.Bartoletti91@hotmail.com"}
{"time":"2024-11-17T08:38:30.702188603+05:00","level":"INFO","msg":"Register user"}
{"time":"2024-11-17T08:38:30.702322872+05:00","level":"INFO","msg":"fetching user by email","email":"Samanta_Beatty82@hotmail.com"}
{"time":"2024-11-17T08:38:30.702852667+05:00","level":"ERROR","msg":"failed to get user from redis","error":"WRONGTYPE Operation against a key holding the wrong kind of value","key":"user:3f34cf4d-888f-4968-b2e6-49fcf36890d3"}
{"time":"2024-11-17T08:38:30.703102914+05:00","level":"ERROR","msg":"failed to get user from redis","error":"WRONGTYPE Operation against a key holding the wrong kind of value","key":"user:0ad69c14-62ca-4932-8979-e8c9fa11cd47"}
{"time":"2024-11-17T08:38:30.703714394+05:00","level":"WARN","msg":"user not found","email":"Samanta_Beatty82@hotmail.com"}
{"time":"2024-11-17T08:38:30.703744162+05:00","level":"INFO","msg":"starting user registration","email":"Samanta_Beatty82@hotmail.com","username":"Samanta_Beatty82@hotmail.com"}
{"time":"2024-11-17T08:38:30.76359542+05:00","level":"INFO","msg":"user registration completed successfully","userID":"67396536314c3b60588e6c39"}
{"time":"2024-11-17T08:38:30.763651977+05:00","level":"INFO","msg":"User registered successfully","email":"Brice.Bartoletti91@hotmail.com"}
{"time":"2024-11-17T08:38:30.77797893+05:00","level":"INFO","msg":"Register user"}
{"time":"2024-11-17T08:38:30.778053108+05:00","level":"ERROR","msg":"username or email cannot be empty"}
{"time":"2024-11-17T08:38:30.779489227+05:00","level":"INFO","msg":"user registration completed successfully","userID":"67396536314c3b60588e6c3a"}
{"time":"2024-11-17T08:38:30.779548705+05:00","level":"INFO","msg":"User registered successfully","email":"Samanta_Beatty82@hotmail.com"}
{"time":"2024-11-17T08:38:30.784372276+05:00","level":"INFO","msg":"Register user"}
{"time":"2024-11-17T08:38:30.78450979+05:00","level":"INFO","msg":"fetching user by email","email":"Vanessa89@gmail.com"}
{"time":"2024-11-17T08:38:30.784747456+05:00","level":"ERROR","msg":"failed to get user from redis","error":"WRONGTYPE Operation against a key holding the wrong kind of value","key":"user:3f34cf4d-888f-4968-b2e6-49fcf36890d3"}
{"time":"2024-11-17T08:38:30.784928766+05:00","level":"ERROR","msg":"failed to get user from redis","error":"WRONGTYPE Operation against a key holding the wrong kind of value","key":"user:0ad69c14-62ca-4932-8979-e8c9fa11cd47"}
{"time":"2024-11-17T08:38:30.785538533+05:00","level":"WARN","msg":"user not found","email":"Vanessa89@gmail.com"}
{"time":"2024-11-17T08:38:30.785574646+05:00","level":"INFO","msg":"starting user registration","email":"Vanessa89@gmail.com","username":"Vanessa89@gmail.com"}
{"time":"2024-11-17T08:38:30.794472366+05:00","level":"INFO","msg":"Register user"}
{"time":"2024-11-17T08:38:30.79454157+05:00","level":"ERROR","msg":"username or email cannot be empty"}
{"time":"2024-11-17T08:38:30.79797497+05:00","level":"INFO","msg":"Register user"}
{"time":"2024-11-17T08:38:30.798059054+05:00","level":"INFO","msg":"fetching user by email","email":"Samanta_Beatty82@hotmail.com"}
{"time":"2024-11-17T08:38:30.798282721+05:00","level":"ERROR","msg":"failed to get user from redis","error":"WRONGTYPE Operation against a key holding the wrong kind of value","key":"user:3f34cf4d-888f-4968-b2e6-49fcf36890d3"}
{"time":"2024-11-17T08:38:30.801628426+05:00","level":"INFO","msg":"Register user"}
{"time":"2024-11-17T08:38:30.801745236+05:00","level":"ERROR","msg":"invalid email format"}
{"time":"2024-11-17T08:38:30.805069068+05:00","level":"INFO","msg":"Login user"}
{"time":"2024-11-17T08:38:30.805124016+05:00","level":"INFO","msg":"fetching user by username","username":"Samanta_Beatty82@hotmail.com"}
{"time":"2024-11-17T08:38:30.805341529+05:00","level":"ERROR","msg":"failed to get user from redis","error":"WRONGTYPE Operation against a key holding the wrong kind of value","key":"user:3f34cf4d-888f-4968-b2e6-49fcf36890d3"}
{"time":"2024-11-17T08:38:30.861334046+05:00","level":"INFO","msg":"user registration completed successfully","userID":"67396536314c3b60588e6c3b"}
{"time":"2024-11-17T08:38:30.861377101+05:00","level":"INFO","msg":"User registered successfully","email":"Vanessa89@gmail.com"}
{"time":"2024-11-17T08:38:30.877748004+05:00","level":"INFO","msg":"Register user"}
{"time":"2024-11-17T08:38:30.877851027+05:00","level":"INFO","msg":"fetching user by email","email":"Brice.Bartoletti91@hotmail.com"}
{"time":"2024-11-17T08:38:30.878063909+05:00","level":"INFO","msg":"starting login process","username":"Samanta_Beatty82@hotmail.com"}
{"time":"2024-11-17T08:38:30.878055421+05:00","level":"ERROR","msg":"failed to get user from redis","error":"WRONGTYPE Operation against a key holding the wrong kind of value","key":"user:3f34cf4d-888f-4968-b2e6-49fcf36890d3"}
{"time":"2024-11-17T08:38:30.878083482+05:00","level":"INFO","msg":"fetching user by username","username":"Samanta_Beatty82@hotmail.com"}
{"time":"2024-11-17T08:38:30.878199275+05:00","level":"ERROR","msg":"failed to get user from redis","error":"WRONGTYPE Operation against a key holding the wrong kind of value","key":"user:0ad69c14-62ca-4932-8979-e8c9fa11cd47"}
{"time":"2024-11-17T08:38:30.878362324+05:00","level":"ERROR","msg":"failed to get user from redis","error":"WRONGTYPE Operation against a key holding the wrong kind of value","key":"user:3f34cf4d-888f-4968-b2e6-49fcf36890d3"}
{"time":"2024-11-17T08:38:30.878516069+05:00","level":"ERROR","msg":"failed to get user from redis","error":"WRONGTYPE Operation against a key holding the wrong kind of value","key":"user:0ad69c14-62ca-4932-8979-e8c9fa11cd47"}
{"time":"2024-11-17T08:38:30.878973815+05:00","level":"INFO","msg":"successfully fetched user","email":"Brice.Bartoletti91@hotmail.com"}
{"time":"2024-11-17T08:38:30.879233362+05:00","level":"INFO","msg":"successfully fetched user","username":"Samanta_Beatty82@hotmail.com"}
{"time":"2024-11-17T08:38:30.879266959+05:00","level":"INFO","msg":"login successful","username":"Samanta_Beatty82@hotmail.com"}
{"time":"2024-11-17T08:38:30.879282805+05:00","level":"INFO","msg":"User logged in successfully","username":"Samanta_Beatty82@hotmail.com"}
{"time":"2024-11-17T08:38:30.882624175+05:00","level":"INFO","msg":"Register user"}
{"time":"2024-11-17T08:38:30.882658995+05:00","level":"INFO","msg":"Login user"}
{"time":"2024-11-17T08:38:30.882699577+05:00","level":"INFO","msg":"fetching user by username","username":"Samanta_Beatty82@hotmail.com"}
{"time":"2024-11-17T08:38:30.882740771+05:00","level":"ERROR","msg":"invalid email format"}
{"time":"2024-11-17T08:38:30.882932851+05:00","level":"ERROR","msg":"failed to get user from redis","error":"WRONGTYPE Operation against a key holding the wrong kind of value","key":"user:3f34cf4d-888f-4968-b2e6-49fcf36890d3"}
{"time":"2024-11-17T08:38:30.885963372+05:00","level":"INFO","msg":"Login user"}
{"time":"2024-11-17T08:38:30.886026474+05:00","level":"INFO","msg":"fetching user by username","username":"Brice.Bartoletti91@hotmail.com"}
{"time":"2024-11-17T08:38:30.886232244+05:00","level":"ERROR","msg":"failed to get user from redis","error":"WRONGTYPE Operation against a key holding the wrong kind of value","key":"user:3f34cf4d-888f-4968-b2e6-49fcf36890d3"}
{"time":"2024-11-17T08:38:30.886418025+05:00","level":"ERROR","msg":"failed to get user from redis","error":"WRONGTYPE Operation against a key holding the wrong kind of value","key":"user:0ad69c14-62ca-4932-8979-e8c9fa11cd47"}
{"time":"2024-11-17T08:38:30.887138485+05:00","level":"INFO","msg":"successfully fetched user","username":"Brice.Bartoletti91@hotmail.com"}
{"time":"2024-11-17T08:38:30.961601319+05:00","level":"ERROR","msg":"Failed to check password","error":"failed to compare password: crypto/bcrypt: hashedPassword is not the hash of the given password"}
{"time":"2024-11-17T08:38:30.961657768+05:00","level":"ERROR","msg":"failed to login user","error":"failed to check password: failed to compare password: crypto/bcrypt: hashedPassword is not the hash of the given password"}
{"time":"2024-11-17T08:38:30.967375074+05:00","level":"INFO","msg":"starting login process","username":"Brice.Bartoletti91@hotmail.com"}
{"time":"2024-11-17T08:38:30.967459297+05:00","level":"INFO","msg":"fetching user by username","username":"Brice.Bartoletti91@hotmail.com"}
{"time":"2024-11-17T08:38:30.967809722+05:00","level":"ERROR","msg":"failed to get user from redis","error":"WRONGTYPE Operation against a key holding the wrong kind of value","key":"user:3f34cf4d-888f-4968-b2e6-49fcf36890d3"}
{"time":"2024-11-17T08:38:30.967949387+05:00","level":"INFO","msg":"login successful","username":"Brice.Bartoletti91@hotmail.com"}
{"time":"2024-11-17T08:38:30.967992286+05:00","level":"INFO","msg":"User logged in successfully","username":"Brice.Bartoletti91@hotmail.com"}
{"time":"2024-11-17T08:38:30.969572215+05:00","level":"INFO","msg":"Login user"}
{"time":"2024-11-17T08:38:30.969631426+05:00","level":"INFO","msg":"fetching user by username","username":"nonexistent@example.com"}
{"time":"2024-11-17T08:38:30.969837763+05:00","level":"ERROR","msg":"failed to get user from redis","error":"WRONGTYPE Operation against a key holding the wrong kind of value","key":"user:3f34cf4d-888f-4968-b2e6-49fcf36890d3"}
{"time":"2024-11-17T08:38:30.969987792+05:00","level":"ERROR","msg":"failed to get user from redis","error":"WRONGTYPE Operation against a key holding the wrong kind of value","key":"user:0ad69c14-62ca-4932-8979-e8c9fa11cd47"}
{"time":"2024-11-17T08:38:30.970837811+05:00","level":"WARN","msg":"user not found","username":"nonexistent@example.com"}
{"time":"2024-11-17T08:38:30.97516631+05:00","level":"INFO","msg":"Login user"}
{"time":"2024-11-17T08:38:30.975235417+05:00","level":"ERROR","msg":"username or password cannot be empty"}
{"time":"2024-11-17T08:38:30.976520377+05:00","level":"INFO","msg":"Login user"}
{"time":"2024-11-17T08:38:30.976569886+05:00","level":"INFO","msg":"fetching user by username","username":"Brice.Bartoletti91@hotmail.com"}
{"time":"2024-11-17T08:38:30.976807145+05:00","level":"ERROR","msg":"failed to get user from redis","error":"WRONGTYPE Operation against a key holding the wrong kind of value","key":"user:3f34cf4d-888f-4968-b2e6-49fcf36890d3"}
{"time":"2024-11-17T08:38:31.065706902+05:00","level":"ERROR","msg":"Failed to check password","error":"failed to compare password: crypto/bcrypt: hashedPassword is not the hash of the given password"}
{"time":"2024-11-17T08:38:31.065750985+05:00","level":"ERROR","msg":"failed to login user","error":"failed to check password: failed to compare password: crypto/bcrypt: hashedPassword is not the hash of the given password"}
{"time":"2024-11-17T08:38:31.06977807+05:00","level":"INFO","msg":"Login user"}
{"time":"2024-11-17T08:38:31.069836243+05:00","level":"INFO","msg":"fetching user by username","username":"nonexistent@example.com"}
{"time":"2024-11-17T08:38:31.070107567+05:00","level":"ERROR","msg":"failed to get user from redis","error":"WRONGTYPE Operation against a key holding the wrong kind of value","key":"user:3f34cf4d-888f-4968-b2e6-49fcf36890d3"}
{"time":"2024-11-17T08:38:31.070240057+05:00","level":"ERROR","msg":"failed to get user from redis","error":"WRONGTYPE Operation against a key holding the wrong kind of value","key":"user:0ad69c14-62ca-4932-8979-e8c9fa11cd47"}
{"time":"2024-11-17T08:38:31.070806197+05:00","level":"WARN","msg":"user not found","username":"nonexistent@example.com"}
{"time":"2024-11-17T08:38:31.073505548+05:00","level":"INFO","msg":"Login user"}
{"time":"2024-11-17T08:38:31.073550109+05:00","level":"ERROR","msg":"username or password cannot be empty"}
{"time":"2024-11-17T08:39:28.070760407+05:00","level":"INFO","msg":"Register user"}
{"time":"2024-11-17T08:39:28.070900496+05:00","level":"INFO","msg":"fetching user by email","email":"Francis.Wuckert35@hotmail.com"}
{"time":"2024-11-17T08:39:28.073029052+05:00","level":"ERROR","msg":"failed to get user from redis","error":"WRONGTYPE Operation against a key holding the wrong kind of value","key":"user:3f34cf4d-888f-4968-b2e6-49fcf36890d3"}
{"time":"2024-11-17T08:39:28.073299496+05:00","level":"ERROR","msg":"failed to get user from redis","error":"WRONGTYPE Operation against a key holding the wrong kind of value","key":"user:0ad69c14-62ca-4932-8979-e8c9fa11cd47"}
{"time":"2024-11-17T08:39:28.073998266+05:00","level":"WARN","msg":"user not found","email":"Francis.Wuckert35@hotmail.com"}
{"time":"2024-11-17T08:39:28.074344681+05:00","level":"INFO","msg":"starting user registration","email":"Francis.Wuckert35@hotmail.com","username":"Francis.Wuckert35@hotmail.com"}
{"time":"2024-11-17T08:39:28.149237013+05:00","level":"INFO","msg":"user registration completed successfully","userID":"67396570314c3b60588e6c3c"}
{"time":"2024-11-17T08:39:28.149308343+05:00","level":"INFO","msg":"User registered successfully","email":"Francis.Wuckert35@hotmail.com"}
{"time":"2024-11-17T08:39:28.162244362+05:00","level":"INFO","msg":"Register user"}
{"time":"2024-11-17T08:39:28.162311481+05:00","level":"ERROR","msg":"username or email cannot be empty"}
{"time":"2024-11-17T08:39:28.166869932+05:00","level":"INFO","msg":"Register user"}
{"time":"2024-11-17T08:39:28.166987743+05:00","level":"INFO","msg":"fetching user by email","email":"Francis.Wuckert35@hotmail.com"}
{"time":"2024-11-17T08:39:28.167197634+05:00","level":"ERROR","msg":"failed to get user from redis","error":"WRONGTYPE Operation against a key holding the wrong kind of value","key":"user:3f34cf4d-888f-4968-b2e6-49fcf36890d3"}
{"time":"2024-11-17T08:39:28.171104717+05:00","level":"INFO","msg":"Register user"}
{"time":"2024-11-17T08:39:28.171292863+05:00","level":"ERROR","msg":"invalid email format"}
{"time":"2024-11-17T08:39:28.174971974+05:00","level":"INFO","msg":"Login user"}
{"time":"2024-11-17T08:39:28.175045678+05:00","level":"INFO","msg":"fetching user by username","username":"Francis.Wuckert35@hotmail.com"}
{"time":"2024-11-17T08:39:28.175935053+05:00","level":"ERROR","msg":"failed to get user from redis","error":"WRONGTYPE Operation against a key holding the wrong kind of value","key":"user:3f34cf4d-888f-4968-b2e6-49fcf36890d3"}
{"time":"2024-11-17T08:39:28.222687658+05:00","level":"INFO","msg":"Register user"}
{"time":"2024-11-17T08:39:28.222823299+05:00","level":"INFO","msg":"fetching user by email","email":"Zackery.Stiedemann@hotmail.com"}
{"time":"2024-11-17T08:39:28.223067111+05:00","level":"ERROR","msg":"failed to get user from redis","error":"WRONGTYPE Operation against a key holding the wrong kind of value","key":"user:3f34cf4d-888f-4968-b2e6-49fcf36890d3"}
{"time":"2024-11-17T08:39:28.223241853+05:00","level":"ERROR","msg":"failed to get user from redis","error":"WRONGTYPE Operation against a key holding the wrong kind of value","key":"user:0ad69c14-62ca-4932-8979-e8c9fa11cd47"}
{"time":"2024-11-17T08:39:28.224005846+05:00","level":"WARN","msg":"user not found","email":"Zackery.Stiedemann@hotmail.com"}
{"time":"2024-11-17T08:39:28.224030209+05:00","level":"INFO","msg":"starting user registration","email":"Zackery.Stiedemann@hotmail.com","username":"Zackery.Stiedemann@hotmail.com"}
{"time":"2024-11-17T08:39:28.251981926+05:00","level":"INFO","msg":"starting login process","username":"Francis.Wuckert35@hotmail.com"}
{"time":"2024-11-17T08:39:28.252021011+05:00","level":"INFO","msg":"fetching user by username","username":"Francis.Wuckert35@hotmail.com"}
{"time":"2024-11-17T08:39:28.252261027+05:00","level":"ERROR","msg":"failed to get user from redis","error":"WRONGTYPE Operation against a key holding the wrong kind of value","key":"user:3f34cf4d-888f-4968-b2e6-49fcf36890d3"}
{"time":"2024-11-17T08:39:28.252413471+05:00","level":"INFO","msg":"login successful","username":"Francis.Wuckert35@hotmail.com"}
{"time":"2024-11-17T08:39:28.252460306+05:00","level":"INFO","msg":"User logged in successfully","username":"Francis.Wuckert35@hotmail.com"}
{"time":"2024-11-17T08:39:28.256044439+05:00","level":"INFO","msg":"Login user"}
{"time":"2024-11-17T08:39:28.256079403+05:00","level":"INFO","msg":"fetching user by username","username":"Francis.Wuckert35@hotmail.com"}
{"time":"2024-11-17T08:39:28.256217554+05:00","level":"ERROR","msg":"failed to get user from redis","error":"WRONGTYPE Operation against a key holding the wrong kind of value","key":"user:3f34cf4d-888f-4968-b2e6-49fcf36890d3"}
{"time":"2024-11-17T08:39:28.298894891+05:00","level":"INFO","msg":"user registration completed successfully","userID":"67396570314c3b60588e6c3d"}
{"time":"2024-11-17T08:39:28.298942583+05:00","level":"INFO","msg":"User registered successfully","email":"Zackery.Stiedemann@hotmail.com"}
{"time":"2024-11-17T08:39:28.309256354+05:00","level":"INFO","msg":"Register user"}
{"time":"2024-11-17T08:39:28.309323739+05:00","level":"ERROR","msg":"username or email cannot be empty"}
{"time":"2024-11-17T08:39:28.312287225+05:00","level":"INFO","msg":"Register user"}
{"time":"2024-11-17T08:39:28.312373835+05:00","level":"INFO","msg":"fetching user by email","email":"Zackery.Stiedemann@hotmail.com"}
{"time":"2024-11-17T08:39:28.312551563+05:00","level":"ERROR","msg":"failed to get user from redis","error":"WRONGTYPE Operation against a key holding the wrong kind of value","key":"user:3f34cf4d-888f-4968-b2e6-49fcf36890d3"}
{"time":"2024-11-17T08:39:28.315388909+05:00","level":"INFO","msg":"Register user"}
{"time":"2024-11-17T08:39:28.315516099+05:00","level":"ERROR","msg":"invalid email format"}
{"time":"2024-11-17T08:39:28.318445275+05:00","level":"INFO","msg":"Login user"}
{"time":"2024-11-17T08:39:28.318581343+05:00","level":"INFO","msg":"fetching user by username","username":"Zackery.Stiedemann@hotmail.com"}
{"time":"2024-11-17T08:39:28.318812508+05:00","level":"ERROR","msg":"failed to get user from redis","error":"WRONGTYPE Operation against a key holding the wrong kind of value","key":"user:3f34cf4d-888f-4968-b2e6-49fcf36890d3"}
{"time":"2024-11-17T08:39:28.33199215+05:00","level":"ERROR","msg":"Failed to check password","error":"failed to compare password: crypto/bcrypt: hashedPassword is not the hash of the given password"}
{"time":"2024-11-17T08:39:28.332044822+05:00","level":"ERROR","msg":"failed to login user","error":"failed to check password: failed to compare password: crypto/bcrypt: hashedPassword is not the hash of the given password"}
{"time":"2024-11-17T08:39:28.33688913+05:00","level":"INFO","msg":"Login user"}
{"time":"2024-11-17T08:39:28.336960681+05:00","level":"INFO","msg":"fetching user by username","username":"nonexistent@example.com"}
{"time":"2024-11-17T08:39:28.337198591+05:00","level":"ERROR","msg":"failed to get user from redis","error":"WRONGTYPE Operation against a key holding the wrong kind of value","key":"user:3f34cf4d-888f-4968-b2e6-49fcf36890d3"}
{"time":"2024-11-17T08:39:28.337478642+05:00","level":"ERROR","msg":"failed to get user from redis","error":"WRONGTYPE Operation against a key holding the wrong kind of value","key":"user:0ad69c14-62ca-4932-8979-e8c9fa11cd47"}
{"time":"2024-11-17T08:39:28.338167569+05:00","level":"WARN","msg":"user not found","username":"nonexistent@example.com"}
{"time":"2024-11-17T08:39:28.345032087+05:00","level":"INFO","msg":"Login user"}
{"time":"2024-11-17T08:39:28.34509478+05:00","level":"ERROR","msg":"username or password cannot be empty"}
{"time":"2024-11-17T08:39:28.39786434+05:00","level":"INFO","msg":"starting login process","username":"Zackery.Stiedemann@hotmail.com"}
{"time":"2024-11-17T08:39:28.397918545+05:00","level":"INFO","msg":"fetching user by username","username":"Zackery.Stiedemann@hotmail.com"}
{"time":"2024-11-17T08:39:28.398209657+05:00","level":"ERROR","msg":"failed to get user from redis","error":"WRONGTYPE Operation against a key holding the wrong kind of value","key":"user:3f34cf4d-888f-4968-b2e6-49fcf36890d3"}
{"time":"2024-11-17T08:39:28.398340123+05:00","level":"INFO","msg":"login successful","username":"Zackery.Stiedemann@hotmail.com"}
{"time":"2024-11-17T08:39:28.398366349+05:00","level":"INFO","msg":"User logged in successfully","username":"Zackery.Stiedemann@hotmail.com"}
{"time":"2024-11-17T08:39:28.412615778+05:00","level":"INFO","msg":"Login user"}
{"time":"2024-11-17T08:39:28.412691668+05:00","level":"INFO","msg":"fetching user by username","username":"Zackery.Stiedemann@hotmail.com"}
{"time":"2024-11-17T08:39:28.414539928+05:00","level":"ERROR","msg":"failed to get user from redis","error":"WRONGTYPE Operation against a key holding the wrong kind of value","key":"user:3f34cf4d-888f-4968-b2e6-49fcf36890d3"}
{"time":"2024-11-17T08:39:28.502111499+05:00","level":"ERROR","msg":"Failed to check password","error":"failed to compare password: crypto/bcrypt: hashedPassword is not the hash of the given password"}
{"time":"2024-11-17T08:39:28.502168748+05:00","level":"ERROR","msg":"failed to login user","error":"failed to check password: failed to compare password: crypto/bcrypt: hashedPassword is not the hash of the given password"}
{"time":"2024-11-17T08:39:28.506705017+05:00","level":"INFO","msg":"Login user"}
{"time":"2024-11-17T08:39:28.506767619+05:00","level":"INFO","msg":"fetching user by username","username":"nonexistent@example.com"}
{"time":"2024-11-17T08:39:28.507001084+05:00","level":"ERROR","msg":"failed to get user from redis","error":"WRONGTYPE Operation against a key holding the wrong kind of value","key":"user:3f34cf4d-888f-4968-b2e6-49fcf36890d3"}
{"time":"2024-11-17T08:39:28.507162337+05:00","level":"ERROR","msg":"failed to get user from redis","error":"WRONGTYPE Operation against a key holding the wrong kind of value","key":"user:0ad69c14-62ca-4932-8979-e8c9fa11cd47"}
{"time":"2024-11-17T08:39:28.507709176+05:00","level":"WARN","msg":"user not found","username":"nonexistent@example.com"}
{"time":"2024-11-17T08:39:28.51134878+05:00","level":"INFO","msg":"Login user"}
{"time":"2024-11-17T08:39:28.511392326+05:00","level":"ERROR","msg":"username or password cannot be empty"}
{"time":"2024-11-17T08:41:09.42170156+05:00","level":"INFO","msg":"Register user"}
{"time":"2024-11-17T08:41:09.421993206+05:00","level":"INFO","msg":"fetching user by email","email":"Cade.Lockman47@gmail.com"}
{"time":"2024-11-17T08:41:09.422330431+05:00","level":"ERROR","msg":"failed to get user from redis","error":"WRONGTYPE Operation against a key holding the wrong kind of value","key":"user:3f34cf4d-888f-4968-b2e6-49fcf36890d3"}
{"time":"2024-11-17T08:41:09.42251127+05:00","level":"ERROR","msg":"failed to get user from redis","error":"WRONGTYPE Operation against a key holding the wrong kind of value","key":"user:0ad69c14-62ca-4932-8979-e8c9fa11cd47"}
{"time":"2024-11-17T08:41:09.423272552+05:00","level":"WARN","msg":"user not found","email":"Cade.Lockman47@gmail.com"}
{"time":"2024-11-17T08:41:09.423307193+05:00","level":"INFO","msg":"starting user registration","email":"Cade.Lockman47@gmail.com","username":"Cade.Lockman47@gmail.com"}
{"time":"2024-11-17T08:41:09.476652755+05:00","level":"INFO","msg":"Register user"}
{"time":"2024-11-17T08:41:09.476771709+05:00","level":"INFO","msg":"fetching user by email","email":"Dewitt55@hotmail.com"}
{"time":"2024-11-17T08:41:09.477064615+05:00","level":"ERROR","msg":"failed to get user from redis","error":"WRONGTYPE Operation against a key holding the wrong kind of value","key":"user:3f34cf4d-888f-4968-b2e6-49fcf36890d3"}
{"time":"2024-11-17T08:41:09.477222554+05:00","level":"ERROR","msg":"failed to get user from redis","error":"WRONGTYPE Operation against a key holding the wrong kind of value","key":"user:0ad69c14-62ca-4932-8979-e8c9fa11cd47"}
{"time":"2024-11-17T08:41:09.478089849+05:00","level":"WARN","msg":"user not found","email":"Dewitt55@hotmail.com"}
{"time":"2024-11-17T08:41:09.478290306+05:00","level":"INFO","msg":"starting user registration","email":"Dewitt55@hotmail.com","username":"Dewitt55@hotmail.com"}
{"time":"2024-11-17T08:41:09.497600491+05:00","level":"INFO","msg":"user registration completed successfully","userID":"673965d51903b74e507bcd8a"}
{"time":"2024-11-17T08:41:09.497657808+05:00","level":"INFO","msg":"User registered successfully","email":"Cade.Lockman47@gmail.com"}
{"time":"2024-11-17T08:41:09.512509725+05:00","level":"INFO","msg":"Register user"}
{"time":"2024-11-17T08:41:09.512604336+05:00","level":"ERROR","msg":"username or email cannot be empty"}
{"time":"2024-11-17T08:41:09.517053061+05:00","level":"INFO","msg":"Register user"}
{"time":"2024-11-17T08:41:09.517164768+05:00","level":"ERROR","msg":"invalid role"}
{"time":"2024-11-17T08:41:09.520059258+05:00","level":"INFO","msg":"Register user"}
{"time":"2024-11-17T08:41:09.520137665+05:00","level":"INFO","msg":"fetching user by email","email":"Cade.Lockman47@gmail.com"}
{"time":"2024-11-17T08:41:09.520342405+05:00","level":"ERROR","msg":"failed to get user from redis","error":"WRONGTYPE Operation against a key holding the wrong kind of value","key":"user:3f34cf4d-888f-4968-b2e6-49fcf36890d3"}
{"time":"2024-11-17T08:41:09.523138333+05:00","level":"INFO","msg":"Register user"}
{"time":"2024-11-17T08:41:09.523214488+05:00","level":"ERROR","msg":"invalid email format"}
{"time":"2024-11-17T08:41:09.527345518+05:00","level":"INFO","msg":"Login user"}
{"time":"2024-11-17T08:41:09.527443312+05:00","level":"INFO","msg":"fetching user by username","username":"Cade.Lockman47@gmail.com"}
{"time":"2024-11-17T08:41:09.527745333+05:00","level":"ERROR","msg":"failed to get user from redis","error":"WRONGTYPE Operation against a key holding the wrong kind of value","key":"user:3f34cf4d-888f-4968-b2e6-49fcf36890d3"}
{"time":"2024-11-17T08:41:09.555276338+05:00","level":"INFO","msg":"user registration completed successfully","userID":"673965d51903b74e507bcd8b"}
{"time":"2024-11-17T08:41:09.555328131+05:00","level":"INFO","msg":"User registered successfully","email":"Dewitt55@hotmail.com"}
{"time":"2024-11-17T08:41:09.567304948+05:00","level":"INFO","msg":"Register user"}
{"time":"2024-11-17T08:41:09.5673653+05:00","level":"ERROR","msg":"username or email cannot be empty"}
{"time":"2024-11-17T08:41:09.570358679+05:00","level":"INFO","msg":"Register user"}
{"time":"2024-11-17T08:41:09.570474995+05:00","level":"INFO","msg":"fetching user by email","email":"Dewitt55@hotmail.com"}
{"time":"2024-11-17T08:41:09.5707153+05:00","level":"ERROR","msg":"failed to get user from redis","error":"WRONGTYPE Operation against a key holding the wrong kind of value","key":"user:3f34cf4d-888f-4968-b2e6-49fcf36890d3"}
{"time":"2024-11-17T08:41:09.57490652+05:00","level":"INFO","msg":"Register user"}
{"time":"2024-11-17T08:41:09.575016807+05:00","level":"ERROR","msg":"invalid email format"}
{"time":"2024-11-17T08:41:09.577904153+05:00","level":"INFO","msg":"Login user"}
{"time":"2024-11-17T08:41:09.57796158+05:00","level":"INFO","msg":"fetching user by username","username":"Dewitt55@hotmail.com"}
{"time":"2024-11-17T08:41:09.578165541+05:00","level":"ERROR","msg":"failed to get user from redis","error":"WRONGTYPE Operation against a key holding the wrong kind of value","key":"user:3f34cf4d-888f-4968-b2e6-49fcf36890d3"}
{"time":"2024-11-17T08:41:09.603188106+05:00","level":"INFO","msg":"starting login process","username":"Cade.Lockman47@gmail.com"}
{"time":"2024-11-17T08:41:09.603240886+05:00","level":"INFO","msg":"fetching user by username","username":"Cade.Lockman47@gmail.com"}
{"time":"2024-11-17T08:41:09.603579784+05:00","level":"ERROR","msg":"failed to get user from redis","error":"WRONGTYPE Operation against a key holding the wrong kind of value","key":"user:3f34cf4d-888f-4968-b2e6-49fcf36890d3"}
{"time":"2024-11-17T08:41:09.603938876+05:00","level":"ERROR","msg":"failed to get user from redis","error":"WRONGTYPE Operation against a key holding the wrong kind of value","key":"user:0ad69c14-62ca-4932-8979-e8c9fa11cd47"}
{"time":"2024-11-17T08:41:09.604772107+05:00","level":"INFO","msg":"successfully fetched user","username":"Cade.Lockman47@gmail.com"}
{"time":"2024-11-17T08:41:09.604837608+05:00","level":"INFO","msg":"login successful","username":"Cade.Lockman47@gmail.com"}
{"time":"2024-11-17T08:41:09.604870737+05:00","level":"INFO","msg":"User logged in successfully","username":"Cade.Lockman47@gmail.com"}
{"time":"2024-11-17T08:41:09.60825007+05:00","level":"INFO","msg":"Login user"}
{"time":"2024-11-17T08:41:09.608318019+05:00","level":"INFO","msg":"fetching user by username","username":"Cade.Lockman47@gmail.com"}
{"time":"2024-11-17T08:41:09.608513286+05:00","level":"ERROR","msg":"failed to get user from redis","error":"WRONGTYPE Operation against a key holding the wrong kind of value","key":"user:3f34cf4d-888f-4968-b2e6-49fcf36890d3"}
{"time":"2024-11-17T08:41:09.656230071+05:00","level":"INFO","msg":"starting login process","username":"Dewitt55@hotmail.com"}
{"time":"2024-11-17T08:41:09.656313844+05:00","level":"INFO","msg":"fetching user by username","username":"Dewitt55@hotmail.com"}
{"time":"2024-11-17T08:41:09.656855431+05:00","level":"ERROR","msg":"failed to get user from redis","error":"WRONGTYPE Operation against a key holding the wrong kind of value","key":"user:3f34cf4d-888f-4968-b2e6-49fcf36890d3"}
{"time":"2024-11-17T08:41:09.657056019+05:00","level":"ERROR","msg":"failed to get user from redis","error":"WRONGTYPE Operation against a key holding the wrong kind of value","key":"user:0ad69c14-62ca-4932-8979-e8c9fa11cd47"}
{"time":"2024-11-17T08:41:09.657859042+05:00","level":"INFO","msg":"successfully fetched user","username":"Dewitt55@hotmail.com"}
{"time":"2024-11-17T08:41:09.657912342+05:00","level":"INFO","msg":"login successful","username":"Dewitt55@hotmail.com"}
{"time":"2024-11-17T08:41:09.657930596+05:00","level":"INFO","msg":"User logged in successfully","username":"Dewitt55@hotmail.com"}
{"time":"2024-11-17T08:41:09.661089441+05:00","level":"INFO","msg":"Login user"}
{"time":"2024-11-17T08:41:09.661132083+05:00","level":"INFO","msg":"fetching user by username","username":"Dewitt55@hotmail.com"}
{"time":"2024-11-17T08:41:09.661284006+05:00","level":"ERROR","msg":"failed to get user from redis","error":"WRONGTYPE Operation against a key holding the wrong kind of value","key":"user:3f34cf4d-888f-4968-b2e6-49fcf36890d3"}
{"time":"2024-11-17T08:41:09.686369358+05:00","level":"ERROR","msg":"Failed to check password","error":"failed to compare password: crypto/bcrypt: hashedPassword is not the hash of the given password"}
{"time":"2024-11-17T08:41:09.686412929+05:00","level":"ERROR","msg":"failed to login user","error":"failed to check password: failed to compare password: crypto/bcrypt: hashedPassword is not the hash of the given password"}
{"time":"2024-11-17T08:41:09.69009707+05:00","level":"INFO","msg":"Login user"}
{"time":"2024-11-17T08:41:09.69018932+05:00","level":"INFO","msg":"fetching user by username","username":"nonexistent@example.com"}
{"time":"2024-11-17T08:41:09.690422841+05:00","level":"ERROR","msg":"failed to get user from redis","error":"WRONGTYPE Operation against a key holding the wrong kind of value","key":"user:3f34cf4d-888f-4968-b2e6-49fcf36890d3"}
{"time":"2024-11-17T08:41:09.690598581+05:00","level":"ERROR","msg":"failed to get user from redis","error":"WRONGTYPE Operation against a key holding the wrong kind of value","key":"user:0ad69c14-62ca-4932-8979-e8c9fa11cd47"}
{"time":"2024-11-17T08:41:09.691328683+05:00","level":"WARN","msg":"user not found","username":"nonexistent@example.com"}
{"time":"2024-11-17T08:41:09.694833243+05:00","level":"INFO","msg":"Login user"}
{"time":"2024-11-17T08:41:09.694880911+05:00","level":"ERROR","msg":"username or password cannot be empty"}
{"time":"2024-11-17T08:41:09.734815302+05:00","level":"ERROR","msg":"Failed to check password","error":"failed to compare password: crypto/bcrypt: hashedPassword is not the hash of the given password"}
{"time":"2024-11-17T08:41:09.734859043+05:00","level":"ERROR","msg":"failed to login user","error":"failed to check password: failed to compare password: crypto/bcrypt: hashedPassword is not the hash of the given password"}
{"time":"2024-11-17T08:41:09.738994019+05:00","level":"INFO","msg":"Login user"}
{"time":"2024-11-17T08:41:09.739054879+05:00","level":"INFO","msg":"fetching user by username","username":"nonexistent@example.com"}
{"time":"2024-11-17T08:41:09.739211979+05:00","level":"ERROR","msg":"failed to get user from redis","error":"WRONGTYPE Operation against a key holding the wrong kind of value","key":"user:3f34cf4d-888f-4968-b2e6-49fcf36890d3"}
{"time":"2024-11-17T08:41:09.739350209+05:00","level":"ERROR","msg":"failed to get user from redis","error":"WRONGTYPE Operation against a key holding the wrong kind of value","key":"user:0ad69c14-62ca-4932-8979-e8c9fa11cd47"}
{"time":"2024-11-17T08:41:09.739930102+05:00","level":"WARN","msg":"user not found","username":"nonexistent@example.com"}
{"time":"2024-11-17T08:41:09.742709889+05:00","level":"INFO","msg":"Login user"}
{"time":"2024-11-17T08:41:09.742763337+05:00","level":"ERROR","msg":"username or password cannot be empty"}
